[debug] [2023-08-22T02:00:21.475Z] ----------------------------------------------------------------------
[debug] [2023-08-22T02:00:21.476Z] Command:       C:\Program Files\nodejs\node.exe C:\Users\Dayanand\AppData\Roaming\npm\node_modules\firebase-tools\lib\bin\firebase.js init
[debug] [2023-08-22T02:00:21.477Z] CLI Version:   12.4.8
[debug] [2023-08-22T02:00:21.477Z] Platform:      win32
[debug] [2023-08-22T02:00:21.477Z] Node Version:  v18.12.1
[debug] [2023-08-22T02:00:21.478Z] Time:          Tue Aug 22 2023 07:30:21 GMT+0530 (India Standard Time)
[debug] [2023-08-22T02:00:21.478Z] ----------------------------------------------------------------------
[debug] 
[debug] [2023-08-22T02:00:21.483Z] > command requires scopes: ["email","openid","https://www.googleapis.com/auth/cloudplatformprojects.readonly","https://www.googleapis.com/auth/firebase","https://www.googleapis.com/auth/cloud-platform"]
[debug] [2023-08-22T02:00:21.484Z] > authorizing via signed-in user (dongaredayanand8@gmail.com)
[info] 
     ######## #### ########  ######## ########     ###     ######  ########
     ##        ##  ##     ## ##       ##     ##  ##   ##  ##       ##
     ######    ##  ########  ######   ########  #########  ######  ######
     ##        ##  ##    ##  ##       ##     ## ##     ##       ## ##
     ##       #### ##     ## ######## ########  ##     ##  ######  ########

You're about to initialize a Firebase project in this directory:

  F:\web develpement\Ratina Security

[info] 
=== Project Setup
[info] 
[info] First, let's associate this project directory with a Firebase project.
[info] You can create multiple project aliases by running firebase use --add, 
[info] but for now we'll just set up a default project.
[info] 
[debug] [2023-08-22T02:00:32.442Z] >>> [apiv2][query] GET https://firebase.googleapis.com/v1beta1/projects pageSize=100
[debug] [2023-08-22T02:00:33.322Z] <<< [apiv2][status] GET https://firebase.googleapis.com/v1beta1/projects 200
[debug] [2023-08-22T02:00:33.322Z] <<< [apiv2][body] GET https://firebase.googleapis.com/v1beta1/projects [omitted]
[info] i  Using project ratina-security (ratina-security) 
[info] 
=== Hosting Setup
[info] 
[info] Your public directory is the folder (relative to your project directory) that
[info] will contain Hosting assets to be uploaded with firebase deploy. If you
[info] have a build process for your assets, use your build's output directory.
[info] 
[debug] [2023-08-22T02:00:53.437Z] >>> [apiv2][query] GET https://www.gstatic.com/firebasejs/releases.json [none]
[debug] [2023-08-22T02:00:53.681Z] <<< [apiv2][status] GET https://www.gstatic.com/firebasejs/releases.json 200
[debug] [2023-08-22T02:00:53.681Z] <<< [apiv2][body] GET https://www.gstatic.com/firebasejs/releases.json {"current":{"version":"10.2.0","browserURL":"https://www.gstatic.com/firebasejs/10.2.0/firebase.js","packageURL":"https://www.gstatic.com/firebasejs/10.2.0/firebase.tgz"},"live":{"version":"10.2","browserURL":"https://www.gstatic.com/firebasejs/live/10.2/firebase.js","packageURL":"https://www.gstatic.com/firebasejs/live/10.2/firebase.tgz"},"components":{"analytics":"https://www.gstatic.com/firebasejs/10.2.0/firebase-analytics.js","app":"https://www.gstatic.com/firebasejs/10.2.0/firebase-app.js","app-check":"https://www.gstatic.com/firebasejs/10.2.0/firebase-app-check.js","auth":"https://www.gstatic.com/firebasejs/10.2.0/firebase-auth.js","auth/cordova":"https://www.gstatic.com/firebasejs/10.2.0/firebase-auth/cordova.js","functions":"https://www.gstatic.com/firebasejs/10.2.0/firebase-functions.js","firestore":"https://www.gstatic.com/firebasejs/10.2.0/firebase-firestore.js","firestore/lite":"https://www.gstatic.com/firebasejs/10.2.0/firebase-firestore/lite.js","installations":"https://www.gstatic.com/firebasejs/10.2.0/firebase-installations.js","storage":"https://www.gstatic.com/firebasejs/10.2.0/firebase-storage.js","performance":"https://www.gstatic.com/firebasejs/10.2.0/firebase-performance.js","remote-config":"https://www.gstatic.com/firebasejs/10.2.0/firebase-remote-config.js","messaging":"https://www.gstatic.com/firebasejs/10.2.0/firebase-messaging.js","messaging/sw":"https://www.gstatic.com/firebasejs/10.2.0/firebase-messaging/sw.js","database":"https://www.gstatic.com/firebasejs/10.2.0/firebase-database.js","firestore.memory":"https://www.gstatic.com/firebasejs/10.2.0/firebase-firestore.memory.js"}}
[info] +  Wrote public/index.html 
[info] 
[info] i  Didn't detect a .git folder. Assuming F:\web develpement\Ratina Security is the project root. 
[info] i  Authorizing with GitHub to upload your service account to a GitHub repository's secrets store. 
[info] 
[info] Visit this URL on this device to log in:
[info] https://github.com/login/oauth/authorize?client_id=89cf50f02ac6aaed3484&state=914890891&redirect_uri=http%3A%2F%2Flocalhost%3A9005&scope=read%3Auser%20repo%20public_repo
[info] 
[info] Waiting for authentication...
[debug] [2023-08-22T02:00:58.066Z] >>> [apiv2][query] POST https://github.com/login/oauth/access_token [none]
[debug] [2023-08-22T02:00:58.066Z] >>> [apiv2][body] POST https://github.com/login/oauth/access_token [stream]
[debug] [2023-08-22T02:00:58.437Z] <<< [apiv2][status] POST https://github.com/login/oauth/access_token 200
[debug] [2023-08-22T02:00:58.437Z] <<< [apiv2][body] POST https://github.com/login/oauth/access_token {"access_token":"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","token_type":"bearer","scope":"read:user,repo"}
[debug] [2023-08-22T02:00:58.447Z] >>> [apiv2][query] GET https://api.github.com/user [none]
[debug] [2023-08-22T02:00:58.863Z] <<< [apiv2][status] GET https://api.github.com/user 200
[debug] [2023-08-22T02:00:58.863Z] <<< [apiv2][body] GET https://api.github.com/user {"login":"DayanandD","id":121642647,"node_id":"U_kgDOB0Aelw","avatar_url":"https://avatars.githubusercontent.com/u/121642647?v=4","gravatar_id":"","url":"https://api.github.com/users/DayanandD","html_url":"https://github.com/DayanandD","followers_url":"https://api.github.com/users/DayanandD/followers","following_url":"https://api.github.com/users/DayanandD/following{/other_user}","gists_url":"https://api.github.com/users/DayanandD/gists{/gist_id}","starred_url":"https://api.github.com/users/DayanandD/starred{/owner}{/repo}","subscriptions_url":"https://api.github.com/users/DayanandD/subscriptions","organizations_url":"https://api.github.com/users/DayanandD/orgs","repos_url":"https://api.github.com/users/DayanandD/repos","events_url":"https://api.github.com/users/DayanandD/events{/privacy}","received_events_url":"https://api.github.com/users/DayanandD/received_events","type":"User","site_admin":false,"name":"Dayanand Dongare","company":null,"blog":"","location":null,"email":null,"hireable":null,"bio":null,"twitter_username":null,"public_repos":14,"public_gists":0,"followers":0,"following":1,"created_at":"2022-12-29T21:25:23Z","updated_at":"2023-08-22T01:49:33Z","private_gists":0,"total_private_repos":2,"owned_private_repos":1,"disk_usage":382642,"collaborators":0,"two_factor_authentication":false,"plan":{"name":"free","space":976562499,"collaborators":0,"private_repos":10000}}
[info] 
[info] +  Success! Logged into GitHub as DayanandD 
[info] 
[debug] [2023-08-22T02:01:35.993Z] >>> [apiv2][query] GET https://api.github.com/repos/repository/actions/secrets/public-key type=owner
[debug] [2023-08-22T02:01:36.379Z] <<< [apiv2][status] GET https://api.github.com/repos/repository/actions/secrets/public-key 404
[debug] [2023-08-22T02:01:36.380Z] <<< [apiv2][body] GET https://api.github.com/repos/repository/actions/secrets/public-key {"message":"Not Found","documentation_url":"https://docs.github.com/rest"}
[info] 
[info] 
[error] !  The provided authorization cannot be used with this repository. If this repository is in an organization, did you remember to grant access? 
[info] 
[info] i  Action required: Visit this URL to ensure access has been granted to the appropriate organization(s) for the Firebase CLI GitHub OAuth App: 
[info] https://github.com/settings/connections/applications/89cf50f02ac6aaed3484
[info] 
